# JRE version: Java(TM) SE Runtime Environment (7.0_79-b15) (build 1.7.0_79-b15)
# Java VM: Java HotSpot(TM) 64-Bit Server VM (24.79-b02 mixed mode linux-amd64 compressed oops)
Heap
 PSYoungGen      total 252416K, used 97876K [0x00000000f0000000, 0x0000000100000000, 0x0000000100000000)
  eden space 242688K, 38% used [0x00000000f0000000,0x00000000f5a7d278,0x00000000fed00000)
  from space 9728K, 53% used [0x00000000fed00000,0x00000000ff218000,0x00000000ff680000)
  to   space 9728K, 0% used [0x00000000ff680000,0x00000000ff680000,0x0000000100000000)
 ParOldGen       total 524288K, used 443260K [0x00000000d0000000, 0x00000000f0000000, 0x00000000f0000000)
  object space 524288K, 84% used [0x00000000d0000000,0x00000000eb0df220,0x00000000f0000000)
 PSPermGen       total 262144K, used 218404K [0x00000000c0000000, 0x00000000d0000000, 0x00000000d0000000)
  object space 262144K, 83% used [0x00000000c0000000,0x00000000cd549218,0x00000000d0000000)
GC Heap History (10 events):
Event: 2974.668 GC heap before
{Heap before GC invocations=440 (full 8):
 PSYoungGen      total 250880K, used 244032K [0x00000000f0000000, 0x0000000100000000, 0x0000000100000000)
  eden space 240640K, 100% used [0x00000000f0000000,0x00000000feb00000,0x00000000feb00000)
  from space 10240K, 33% used [0x00000000ff600000,0x00000000ff950000,0x0000000100000000)
  to   space 10752K, 0% used [0x00000000feb00000,0x00000000feb00000,0x00000000ff580000)
 ParOldGen       total 524288K, used 432108K [0x00000000d0000000, 0x00000000f0000000, 0x00000000f0000000)
  object space 524288K, 82% used [0x00000000d0000000,0x00000000ea5fb220,0x00000000f0000000)
 PSPermGen       total 262144K, used 218233K [0x00000000c0000000, 0x00000000d0000000, 0x00000000d0000000)
  object space 262144K, 83% used [0x00000000c0000000,0x00000000cd51e7d8,0x00000000d0000000)
Event: 2974.689 GC heap after
Heap after GC invocations=440 (full 8):
 PSYoungGen      total 251392K, used 3328K [0x00000000f0000000, 0x0000000100000000, 0x0000000100000000)
  eden space 240640K, 0% used [0x00000000f0000000,0x00000000f0000000,0x00000000feb00000)
  from space 10752K, 30% used [0x00000000feb00000,0x00000000fee40000,0x00000000ff580000)
  to   space 10240K, 0% used [0x00000000ff600000,0x00000000ff600000,0x0000000100000000)
 ParOldGen       total 524288K, used 435188K [0x00000000d0000000, 0x00000000f0000000, 0x00000000f0000000)
  object space 524288K, 83% used [0x00000000d0000000,0x00000000ea8fd220,0x00000000f0000000)
 PSPermGen       total 262144K, used 218233K [0x00000000c0000000, 0x00000000d0000000, 0x00000000d0000000)
  object space 262144K, 83% used [0x00000000c0000000,0x00000000cd51e7d8,0x00000000d0000000)
}
Event: 2975.036 GC heap before
{Heap before GC invocations=441 (full 8):
 PSYoungGen      total 251392K, used 243968K [0x00000000f0000000, 0x0000000100000000, 0x0000000100000000)
  eden space 240640K, 100% used [0x00000000f0000000,0x00000000feb00000,0x00000000feb00000)
  from space 10752K, 30% used [0x00000000feb00000,0x00000000fee40000,0x00000000ff580000)
  to   space 10240K, 0% used [0x00000000ff600000,0x00000000ff600000,0x0000000100000000)
 ParOldGen       total 524288K, used 435188K [0x00000000d0000000, 0x00000000f0000000, 0x00000000f0000000)
  object space 524288K, 83% used [0x00000000d0000000,0x00000000ea8fd220,0x00000000f0000000)
 PSPermGen       total 262144K, used 218233K [0x00000000c0000000, 0x00000000d0000000, 0x00000000d0000000)
  object space 262144K, 83% used [0x00000000c0000000,0x00000000cd51e7d8,0x00000000d0000000)
Event: 2975.050 GC heap after
Heap after GC invocations=441 (full 8):
 PSYoungGen      total 252416K, used 3184K [0x00000000f0000000, 0x0000000100000000, 0x0000000100000000)
  eden space 242176K, 0% used [0x00000000f0000000,0x00000000f0000000,0x00000000fec80000)
  from space 10240K, 31% used [0x00000000ff600000,0x00000000ff91c010,0x0000000100000000)
  to   space 9728K, 0% used [0x00000000fec80000,0x00000000fec80000,0x00000000ff600000)
 ParOldGen       total 524288K, used 438468K [0x00000000d0000000, 0x00000000f0000000, 0x00000000f0000000)
  object space 524288K, 83% used [0x00000000d0000000,0x00000000eac31220,0x00000000f0000000)
 PSPermGen       total 262144K, used 218233K [0x00000000c0000000, 0x00000000d0000000, 0x00000000d0000000)
  object space 262144K, 83% used [0x00000000c0000000,0x00000000cd51e7d8,0x00000000d0000000)
}
Event: 2975.699 GC heap before
{Heap before GC invocations=442 (full 8):
 PSYoungGen      total 252416K, used 245360K [0x00000000f0000000, 0x0000000100000000, 0x0000000100000000)
  eden space 242176K, 100% used [0x00000000f0000000,0x00000000fec80000,0x00000000fec80000)
  from space 10240K, 31% used [0x00000000ff600000,0x00000000ff91c010,0x0000000100000000)
  to   space 9728K, 0% used [0x00000000fec80000,0x00000000fec80000,0x00000000ff600000)
 ParOldGen       total 524288K, used 438468K [0x00000000d0000000, 0x00000000f0000000, 0x00000000f0000000)
  object space 524288K, 83% used [0x00000000d0000000,0x00000000eac31220,0x00000000f0000000)
 PSPermGen       total 262144K, used 218233K [0x00000000c0000000, 0x00000000d0000000, 0x00000000d0000000)
  object space 262144K, 83% used [0x00000000c0000000,0x00000000cd51e7f8,0x00000000d0000000)
Event: 2975.710 GC heap after
Heap after GC invocations=442 (full 8):
 PSYoungGen      total 251904K, used 992K [0x00000000f0000000, 0x0000000100000000, 0x0000000100000000)
  eden space 242176K, 0% used [0x00000000f0000000,0x00000000f0000000,0x00000000fec80000)
  from space 9728K, 10% used [0x00000000fec80000,0x00000000fed78000,0x00000000ff600000)
  to   space 9728K, 0% used [0x00000000ff680000,0x00000000ff680000,0x0000000100000000)
 ParOldGen       total 524288K, used 441548K [0x00000000d0000000, 0x00000000f0000000, 0x00000000f0000000)
  object space 524288K, 84% used [0x00000000d0000000,0x00000000eaf33220,0x00000000f0000000)
 PSPermGen       total 262144K, used 218233K [0x00000000c0000000, 0x00000000d0000000, 0x00000000d0000000)
  object space 262144K, 83% used [0x00000000c0000000,0x00000000cd51e7f8,0x00000000d0000000)
}
Event: 2976.344 GC heap before
{Heap before GC invocations=443 (full 8):
 PSYoungGen      total 251904K, used 243168K [0x00000000f0000000, 0x0000000100000000, 0x0000000100000000)
  eden space 242176K, 100% used [0x00000000f0000000,0x00000000fec80000,0x00000000fec80000)
  from space 9728K, 10% used [0x00000000fec80000,0x00000000fed78000,0x00000000ff600000)
  to   space 9728K, 0% used [0x00000000ff680000,0x00000000ff680000,0x0000000100000000)
 ParOldGen       total 524288K, used 441548K [0x00000000d0000000, 0x00000000f0000000, 0x00000000f0000000)
  object space 524288K, 84% used [0x00000000d0000000,0x00000000eaf33220,0x00000000f0000000)
 PSPermGen       total 262144K, used 218233K [0x00000000c0000000, 0x00000000d0000000, 0x00000000d0000000)
  object space 262144K, 83% used [0x00000000c0000000,0x00000000cd51e7f8,0x00000000d0000000)
Event: 2976.355 GC heap after
Heap after GC invocations=443 (full 8):
 PSYoungGen      total 252416K, used 896K [0x00000000f0000000, 0x0000000100000000, 0x0000000100000000)
  eden space 242688K, 0% used [0x00000000f0000000,0x00000000f0000000,0x00000000fed00000)
  from space 9728K, 9% used [0x00000000ff680000,0x00000000ff760000,0x0000000100000000)
  to   space 9728K, 0% used [0x00000000fed00000,0x00000000fed00000,0x00000000ff680000)
 ParOldGen       total 524288K, used 442428K [0x00000000d0000000, 0x00000000f0000000, 0x00000000f0000000)
  object space 524288K, 84% used [0x00000000d0000000,0x00000000eb00f220,0x00000000f0000000)
 PSPermGen       total 262144K, used 218233K [0x00000000c0000000, 0x00000000d0000000, 0x00000000d0000000)
  object space 262144K, 83% used [0x00000000c0000000,0x00000000cd51e7f8,0x00000000d0000000)
}
Event: 2977.793 GC heap before
{Heap before GC invocations=444 (full 8):
 PSYoungGen      total 252416K, used 243584K [0x00000000f0000000, 0x0000000100000000, 0x0000000100000000)
  eden space 242688K, 100% used [0x00000000f0000000,0x00000000fed00000,0x00000000fed00000)
  from space 9728K, 9% used [0x00000000ff680000,0x00000000ff760000,0x0000000100000000)
  to   space 9728K, 0% used [0x00000000fed00000,0x00000000fed00000,0x00000000ff680000)
 ParOldGen       total 524288K, used 442428K [0x00000000d0000000, 0x00000000f0000000, 0x00000000f0000000)
  object space 524288K, 84% used [0x00000000d0000000,0x00000000eb00f220,0x00000000f0000000)
 PSPermGen       total 262144K, used 218270K [0x00000000c0000000, 0x00000000d0000000, 0x00000000d0000000)
  object space 262144K, 83% used [0x00000000c0000000,0x00000000cd527958,0x00000000d0000000)
Event: 2977.806 GC heap after
Heap after GC invocations=444 (full 8):
 PSYoungGen      total 252416K, used 5216K [0x00000000f0000000, 0x0000000100000000, 0x0000000100000000)
  eden space 242688K, 0% used [0x00000000f0000000,0x00000000f0000000,0x00000000fed00000)
  from space 9728K, 53% used [0x00000000fed00000,0x00000000ff218000,0x00000000ff680000)
  to   space 9728K, 0% used [0x00000000ff680000,0x00000000ff680000,0x0000000100000000)
 ParOldGen       total 524288K, used 443260K [0x00000000d0000000, 0x00000000f0000000, 0x00000000f0000000)
  object space 524288K, 84% used [0x00000000d0000000,0x00000000eb0df220,0x00000000f0000000)
 PSPermGen       total 262144K, used 218270K [0x00000000c0000000, 0x00000000d0000000, 0x00000000d0000000)
  object space 262144K, 83% used [0x00000000c0000000,0x00000000cd527958,0x00000000d0000000)
}

